<?xml version="1.0" encoding="UTF-8"?>
<testsuite name="crypto.AppTest" tests="1" skipped="0" failures="0" errors="0" timestamp="2024-11-21T11:42:36" hostname="VAIO-LAPTOP" time="0.05">
  <properties/>
  <testcase name="appHasAGreeting()" classname="crypto.AppTest" time="0.05"/>
  <system-out><![CDATA[]]></system-out>
  <system-err><![CDATA[]]></system-err>
</testsuite>
